[2025-08-10 16:55:41,005 ] 1025 httpx - INFO - HTTP Request: GET https://dagshub.com/api/v1/user "HTTP/1.1 200 OK"
[2025-08-10 16:55:41,028 ] 107 dagshub - INFO - Accessing as JainulTrivedi55555
[2025-08-10 16:55:42,050 ] 1025 httpx - INFO - HTTP Request: GET https://dagshub.com/api/v1/repos/JainulTrivedi55555/Networksecurity "HTTP/1.1 200 OK"
[2025-08-10 16:55:42,969 ] 1025 httpx - INFO - HTTP Request: GET https://dagshub.com/api/v1/user "HTTP/1.1 200 OK"
[2025-08-10 16:55:42,973 ] 107 dagshub - INFO - Initialized MLflow to track repo "JainulTrivedi55555/Networksecurity"
[2025-08-10 16:55:42,975 ] 107 dagshub - INFO - Repository JainulTrivedi55555/Networksecurity initialized!
[2025-08-10 16:56:02,010 ] 116 root - INFO - Starting training pipeline...
[2025-08-10 16:56:02,011 ] 33 root - INFO - Training pipeline config: <networksecurity.entity.config_entity.TrainingPipelineConfig object at 0x0000024B1F0956A0>
[2025-08-10 16:56:02,011 ] 100 root - INFO - Running the training pipeline.
[2025-08-10 16:56:02,011 ] 37 root - INFO - Starting data ingestion component.
[2025-08-10 16:56:05,833 ] 65 root - INFO - Performed train test split on the dataframe
[2025-08-10 16:56:05,833 ] 67 root - INFO - Exited split_data_as_train_test method of Data_Ingestion class
[2025-08-10 16:56:05,837 ] 75 root - INFO - Exporting train and test file path.
[2025-08-10 16:56:05,957 ] 84 root - INFO - Exported train and test file path.
[2025-08-10 16:56:05,958 ] 41 root - INFO - Data ingestion completed successfully.
[2025-08-10 16:56:05,959 ] 48 root - INFO - Starting data validation component.
[2025-08-10 16:56:06,087 ] 32 root - INFO - Required number of columns:2
[2025-08-10 16:56:06,087 ] 33 root - INFO - Data frame has columns:31
[2025-08-10 16:56:06,087 ] 32 root - INFO - Required number of columns:2
[2025-08-10 16:56:06,088 ] 33 root - INFO - Data frame has columns:31
[2025-08-10 16:56:06,469 ] 52 root - INFO - Data validation completed successfully.
[2025-08-10 16:56:06,469 ] 59 root - INFO - Starting data transformation component.
[2025-08-10 16:56:06,469 ] 101 root - INFO - Entered initiate_data_transformation method of DataTransformation class
[2025-08-10 16:56:06,470 ] 103 root - INFO - Starting data transformation
[2025-08-10 16:56:06,523 ] 47 root - INFO - Entered get_data_transformer_object method of Transformation Class
[2025-08-10 16:56:06,524 ] 51 root - INFO - Initialize KNNImputer with {'missing_values': nan, 'n_neighbors': 3, 'weights': 'uniform'}
[2025-08-10 16:56:06,552 ] 47 root - INFO - Entered the save_object method of MainUtils class
[2025-08-10 16:56:06,561 ] 51 root - INFO - Exited the save_object method of MainUtils class
[2025-08-10 16:56:06,561 ] 47 root - INFO - Entered the save_object method of MainUtils class
[2025-08-10 16:56:06,567 ] 51 root - INFO - Exited the save_object method of MainUtils class
[2025-08-10 16:56:06,569 ] 63 root - INFO - Data transformation completed successfully.
[2025-08-10 16:56:06,569 ] 70 root - INFO - Starting model trainer component.
[2025-08-10 16:59:14,099 ] 242 root - INFO - Starting MLflow tracking run...
[2025-08-10 16:59:22,618 ] 260 root - INFO - Attempting to log model as a file artifact to handle DagsHub API incompatibility.
[2025-08-10 16:59:25,060 ] 272 root - INFO - Successfully logged the model as a file artifact.
[2025-08-10 16:59:26,600 ] 275 root - INFO - MLflow tracking run completed.
[2025-08-10 16:59:26,612 ] 47 root - INFO - Entered the save_object method of MainUtils class
[2025-08-10 16:59:26,618 ] 51 root - INFO - Exited the save_object method of MainUtils class
[2025-08-10 16:59:26,618 ] 47 root - INFO - Entered the save_object method of MainUtils class
[2025-08-10 16:59:26,623 ] 51 root - INFO - Exited the save_object method of MainUtils class
[2025-08-10 16:59:26,623 ] 346 root - INFO - Model trainer artifact: ModelTrainerArtifact(trained_model_file_path='Artifacts\\08_10_2025_16_55_20\\model_trainer\\trained_model\\model.pkl', train_metric_artifact=ClassificationMetricArtifact(f1_score=0.9919387343812979, precision_score=0.9881549889580405, recall_score=0.9957515678737608), test_metric_artifact=ClassificationMetricArtifact(f1_score=0.9729950900163666, precision_score=0.9666666666666667, recall_score=0.9794069192751236))
[2025-08-10 16:59:26,624 ] 77 root - INFO - Model training completed successfully.
[2025-08-10 16:59:26,624 ] 86 root - INFO - Starting model evaluation component.
[2025-08-10 16:59:26,625 ] 37 root - INFO - Starting model evaluation process...
[2025-08-10 16:59:26,625 ] 49 root - INFO - Model evaluation completed. Model accepted: True
[2025-08-10 16:59:26,625 ] 93 root - INFO - Model evaluation completed successfully.
[2025-08-10 16:59:26,625 ] 121 root - INFO - Training pipeline finished.
[2025-08-10 16:59:26,625 ] 119 root - INFO - Training pipeline finished successfully.
[2025-08-10 17:02:03,150 ] 128 root - INFO - Received file for prediction: test.csv
[2025-08-10 17:02:05,212 ] 128 root - INFO - Received file for prediction: test.csv
[2025-08-10 17:02:31,868 ] 128 root - INFO - Received file for prediction: test.csv
