[2025-08-10 20:55:42,866 ] 1025 httpx - INFO - HTTP Request: GET https://dagshub.com/api/v1/user "HTTP/1.1 200 OK"
[2025-08-10 20:55:42,887 ] 107 dagshub - INFO - Accessing as JainulTrivedi55555
[2025-08-10 20:55:44,105 ] 1025 httpx - INFO - HTTP Request: GET https://dagshub.com/api/v1/repos/JainulTrivedi55555/Networksecurity "HTTP/1.1 200 OK"
[2025-08-10 20:55:45,182 ] 1025 httpx - INFO - HTTP Request: GET https://dagshub.com/api/v1/user "HTTP/1.1 200 OK"
[2025-08-10 20:55:45,187 ] 107 dagshub - INFO - Initialized MLflow to track repo "JainulTrivedi55555/Networksecurity"
[2025-08-10 20:55:45,189 ] 107 dagshub - INFO - Repository JainulTrivedi55555/Networksecurity initialized!
[2025-08-10 20:55:56,433 ] 113 root - INFO - Starting training pipeline...
[2025-08-10 20:55:56,434 ] 33 root - INFO - Training pipeline config: <networksecurity.entity.config_entity.TrainingPipelineConfig object at 0x000001F808DD4D70>
[2025-08-10 20:55:56,434 ] 100 root - INFO - Running the training pipeline.
[2025-08-10 20:55:56,434 ] 37 root - INFO - Starting data ingestion component.
[2025-08-10 20:56:00,668 ] 65 root - INFO - Performed train test split on the dataframe
[2025-08-10 20:56:00,668 ] 67 root - INFO - Exited split_data_as_train_test method of Data_Ingestion class
[2025-08-10 20:56:00,670 ] 75 root - INFO - Exporting train and test file path.
[2025-08-10 20:56:00,823 ] 84 root - INFO - Exported train and test file path.
[2025-08-10 20:56:00,826 ] 41 root - INFO - Data ingestion completed successfully.
[2025-08-10 20:56:00,827 ] 48 root - INFO - Starting data validation component.
[2025-08-10 20:56:01,000 ] 32 root - INFO - Required number of columns:2
[2025-08-10 20:56:01,000 ] 33 root - INFO - Data frame has columns:31
[2025-08-10 20:56:01,000 ] 32 root - INFO - Required number of columns:2
[2025-08-10 20:56:01,000 ] 33 root - INFO - Data frame has columns:31
[2025-08-10 20:56:01,551 ] 52 root - INFO - Data validation completed successfully.
[2025-08-10 20:56:01,551 ] 59 root - INFO - Starting data transformation component.
[2025-08-10 20:56:01,552 ] 60 root - INFO - Entered initiate_data_transformation method of DataTransformation class
[2025-08-10 20:56:01,552 ] 62 root - INFO - Starting data transformation
[2025-08-10 20:56:01,633 ] 48 root - INFO - Entered get_data_transformer_object method of Transformation Class
[2025-08-10 20:56:01,633 ] 52 root - INFO - Initialize KNNImputer with {'missing_values': nan, 'n_neighbors': 3, 'weights': 'uniform'}
[2025-08-10 20:56:01,709 ] 47 root - INFO - Entered the save_object method of MainUtils class
[2025-08-10 20:56:01,723 ] 51 root - INFO - Exited the save_object method of MainUtils class
[2025-08-10 20:56:01,723 ] 92 root - INFO - Preprocessor object saved to: Artifacts\08_10_2025_20_55_34\data_transformation\transformed_object\preprocessing.pkl
[2025-08-10 20:56:01,728 ] 63 root - INFO - Data transformation completed successfully.
[2025-08-10 20:56:01,729 ] 70 root - INFO - Starting model trainer component.
[2025-08-10 21:00:17,382 ] 242 root - INFO - Starting MLflow tracking run...
[2025-08-10 21:00:26,189 ] 260 root - INFO - Attempting to log model as a file artifact to handle DagsHub API incompatibility.
[2025-08-10 21:00:36,536 ] 272 root - INFO - Successfully logged the model as a file artifact.
[2025-08-10 21:00:36,853 ] 275 root - INFO - MLflow tracking run completed.
[2025-08-10 21:00:36,873 ] 47 root - INFO - Entered the save_object method of MainUtils class
[2025-08-10 21:00:36,931 ] 51 root - INFO - Exited the save_object method of MainUtils class
[2025-08-10 21:00:36,931 ] 339 root - INFO - Trained model saved to: Artifacts\08_10_2025_20_55_34\model_trainer\trained_model\model.pkl
[2025-08-10 21:00:36,932 ] 348 root - INFO - Model trainer artifact: ModelTrainerArtifact(trained_model_file_path='Artifacts\\08_10_2025_20_55_34\\model_trainer\\trained_model\\model.pkl', train_metric_artifact=ClassificationMetricArtifact(f1_score=0.9918417295533347, precision_score=0.9920440636474909, recall_score=0.9916394779771615), test_metric_artifact=ClassificationMetricArtifact(f1_score=0.971405877680699, precision_score=0.966798418972332, recall_score=0.9760574620909817))
[2025-08-10 21:00:36,942 ] 77 root - INFO - Model training completed successfully.
[2025-08-10 21:00:36,942 ] 86 root - INFO - Starting model evaluation component.
[2025-08-10 21:00:36,943 ] 37 root - INFO - Starting model evaluation process...
[2025-08-10 21:00:36,943 ] 49 root - INFO - Model evaluation completed. Model accepted: True
[2025-08-10 21:00:36,943 ] 93 root - INFO - Model evaluation completed successfully.
[2025-08-10 21:00:36,943 ] 121 root - INFO - Training pipeline finished.
[2025-08-10 21:00:36,943 ] 116 root - INFO - Training pipeline finished successfully.
[2025-08-10 21:01:22,654 ] 125 root - INFO - Received file for prediction: test.csv
