[2025-08-10 16:29:36,450 ] 1025 httpx - INFO - HTTP Request: GET https://dagshub.com/api/v1/user "HTTP/1.1 200 OK"
[2025-08-10 16:29:36,455 ] 107 dagshub - INFO - Accessing as JainulTrivedi55555
[2025-08-10 16:29:37,055 ] 1025 httpx - INFO - HTTP Request: GET https://dagshub.com/api/v1/repos/JainulTrivedi55555/Networksecurity "HTTP/1.1 200 OK"
[2025-08-10 16:29:37,898 ] 1025 httpx - INFO - HTTP Request: GET https://dagshub.com/api/v1/user "HTTP/1.1 200 OK"
[2025-08-10 16:29:37,903 ] 107 dagshub - INFO - Initialized MLflow to track repo "JainulTrivedi55555/Networksecurity"
[2025-08-10 16:29:37,905 ] 107 dagshub - INFO - Repository JainulTrivedi55555/Networksecurity initialized!
[2025-08-10 16:30:06,971 ] 112 root - INFO - Starting training pipeline...
[2025-08-10 16:30:06,971 ] 33 root - INFO - Training pipeline config: <networksecurity.entity.config_entity.TrainingPipelineConfig object at 0x0000025DC8DD4D70>
[2025-08-10 16:30:06,971 ] 100 root - INFO - Running the training pipeline.
[2025-08-10 16:30:06,971 ] 37 root - INFO - Starting data ingestion component.
[2025-08-10 16:30:09,316 ] 65 root - INFO - Performed train test split on the dataframe
[2025-08-10 16:30:09,316 ] 67 root - INFO - Exited split_data_as_train_test method of Data_Ingestion class
[2025-08-10 16:30:09,316 ] 75 root - INFO - Exporting train and test file path.
[2025-08-10 16:30:09,368 ] 84 root - INFO - Exported train and test file path.
[2025-08-10 16:30:09,369 ] 41 root - INFO - Data ingestion completed successfully.
[2025-08-10 16:30:09,369 ] 48 root - INFO - Starting data validation component.
[2025-08-10 16:30:09,470 ] 32 root - INFO - Required number of columns:2
[2025-08-10 16:30:09,470 ] 33 root - INFO - Data frame has columns:31
[2025-08-10 16:30:09,470 ] 32 root - INFO - Required number of columns:2
[2025-08-10 16:30:09,470 ] 33 root - INFO - Data frame has columns:31
[2025-08-10 16:30:09,616 ] 52 root - INFO - Data validation completed successfully.
[2025-08-10 16:30:09,616 ] 59 root - INFO - Starting data transformation component.
[2025-08-10 16:30:09,616 ] 101 root - INFO - Entered initiate_data_transformation method of DataTransformation class
[2025-08-10 16:30:09,616 ] 103 root - INFO - Starting data transformation
[2025-08-10 16:30:09,636 ] 47 root - INFO - Entered get_data_transformer_object method of Transformation Class
[2025-08-10 16:30:09,636 ] 51 root - INFO - Initialize KNNImputer with {'missing_values': nan, 'n_neighbors': 3, 'weights': 'uniform'}
[2025-08-10 16:30:09,647 ] 47 root - INFO - Entered the save_object method of MainUtils class
[2025-08-10 16:30:09,651 ] 51 root - INFO - Exited the save_object method of MainUtils class
[2025-08-10 16:30:09,651 ] 47 root - INFO - Entered the save_object method of MainUtils class
[2025-08-10 16:30:09,653 ] 51 root - INFO - Exited the save_object method of MainUtils class
[2025-08-10 16:30:09,654 ] 63 root - INFO - Data transformation completed successfully.
[2025-08-10 16:30:09,654 ] 70 root - INFO - Starting model trainer component.
[2025-08-10 16:33:14,249 ] 242 root - INFO - Starting MLflow tracking run...
[2025-08-10 16:33:22,702 ] 260 root - INFO - Attempting to log model as a file artifact to handle DagsHub API incompatibility.
[2025-08-10 16:33:25,251 ] 272 root - INFO - Successfully logged the model as a file artifact.
[2025-08-10 16:33:26,719 ] 275 root - INFO - MLflow tracking run completed.
[2025-08-10 16:33:26,730 ] 47 root - INFO - Entered the save_object method of MainUtils class
[2025-08-10 16:33:26,736 ] 51 root - INFO - Exited the save_object method of MainUtils class
[2025-08-10 16:33:26,736 ] 47 root - INFO - Entered the save_object method of MainUtils class
[2025-08-10 16:33:26,741 ] 51 root - INFO - Exited the save_object method of MainUtils class
[2025-08-10 16:33:26,741 ] 346 root - INFO - Model trainer artifact: ModelTrainerArtifact(trained_model_file_path='Artifacts\\08_10_2025_16_29_31\\model_trainer\\trained_model\\model.pkl', train_metric_artifact=ClassificationMetricArtifact(f1_score=0.9907698549548636, precision_score=0.9878640776699029, recall_score=0.9936927772126144), test_metric_artifact=ClassificationMetricArtifact(f1_score=0.9759422614274258, precision_score=0.9720447284345048, recall_score=0.9798711755233495))
[2025-08-10 16:33:26,743 ] 77 root - INFO - Model training completed successfully.
[2025-08-10 16:33:26,743 ] 86 root - INFO - Starting model evaluation component.
[2025-08-10 16:33:26,743 ] 37 root - INFO - Starting model evaluation process...
[2025-08-10 16:33:26,743 ] 49 root - INFO - Model evaluation completed. Model accepted: True
[2025-08-10 16:33:26,743 ] 93 root - INFO - Model evaluation completed successfully.
[2025-08-10 16:33:26,743 ] 121 root - INFO - Training pipeline finished.
[2025-08-10 16:33:26,743 ] 115 root - INFO - Training pipeline finished successfully.
[2025-08-10 16:38:54,986 ] 124 root - INFO - Received file for prediction: test.csv
[2025-08-10 16:38:54,986 ] 166 root - ERROR - Error during prediction: name 'ROOT_DIR' is not defined
[2025-08-10 16:38:56,891 ] 124 root - INFO - Received file for prediction: test.csv
[2025-08-10 16:38:56,891 ] 166 root - ERROR - Error during prediction: name 'ROOT_DIR' is not defined
