[2025-08-10 20:24:37,071 ] 1025 httpx - INFO - HTTP Request: GET https://dagshub.com/api/v1/user "HTTP/1.1 200 OK"
[2025-08-10 20:24:37,076 ] 107 dagshub - INFO - Accessing as JainulTrivedi55555
[2025-08-10 20:24:37,516 ] 1025 httpx - INFO - HTTP Request: GET https://dagshub.com/api/v1/repos/JainulTrivedi55555/Networksecurity "HTTP/1.1 200 OK"
[2025-08-10 20:24:37,876 ] 1025 httpx - INFO - HTTP Request: GET https://dagshub.com/api/v1/user "HTTP/1.1 200 OK"
[2025-08-10 20:24:37,879 ] 107 dagshub - INFO - Initialized MLflow to track repo "JainulTrivedi55555/Networksecurity"
[2025-08-10 20:24:37,880 ] 107 dagshub - INFO - Repository JainulTrivedi55555/Networksecurity initialized!
[2025-08-10 20:25:12,838 ] 113 root - INFO - Starting training pipeline...
[2025-08-10 20:25:12,839 ] 33 root - INFO - Training pipeline config: <networksecurity.entity.config_entity.TrainingPipelineConfig object at 0x000001C36D7496A0>
[2025-08-10 20:25:12,839 ] 100 root - INFO - Running the training pipeline.
[2025-08-10 20:25:12,839 ] 37 root - INFO - Starting data ingestion component.
[2025-08-10 20:25:16,885 ] 65 root - INFO - Performed train test split on the dataframe
[2025-08-10 20:25:16,885 ] 67 root - INFO - Exited split_data_as_train_test method of Data_Ingestion class
[2025-08-10 20:25:16,886 ] 75 root - INFO - Exporting train and test file path.
[2025-08-10 20:25:17,043 ] 84 root - INFO - Exported train and test file path.
[2025-08-10 20:25:17,044 ] 41 root - INFO - Data ingestion completed successfully.
[2025-08-10 20:25:17,046 ] 48 root - INFO - Starting data validation component.
[2025-08-10 20:25:17,240 ] 32 root - INFO - Required number of columns:2
[2025-08-10 20:25:17,241 ] 33 root - INFO - Data frame has columns:31
[2025-08-10 20:25:17,241 ] 32 root - INFO - Required number of columns:2
[2025-08-10 20:25:17,241 ] 33 root - INFO - Data frame has columns:31
[2025-08-10 20:25:17,716 ] 52 root - INFO - Data validation completed successfully.
[2025-08-10 20:25:17,717 ] 59 root - INFO - Starting data transformation component.
[2025-08-10 20:25:17,717 ] 101 root - INFO - Entered initiate_data_transformation method of DataTransformation class
[2025-08-10 20:25:17,717 ] 103 root - INFO - Starting data transformation
[2025-08-10 20:25:17,788 ] 47 root - INFO - Entered get_data_transformer_object method of Transformation Class
[2025-08-10 20:25:17,789 ] 51 root - INFO - Initialize KNNImputer with {'missing_values': nan, 'n_neighbors': 3, 'weights': 'uniform'}
[2025-08-10 20:25:17,833 ] 47 root - INFO - Entered the save_object method of MainUtils class
[2025-08-10 20:25:17,844 ] 51 root - INFO - Exited the save_object method of MainUtils class
[2025-08-10 20:25:17,844 ] 47 root - INFO - Entered the save_object method of MainUtils class
[2025-08-10 20:25:17,853 ] 51 root - INFO - Exited the save_object method of MainUtils class
[2025-08-10 20:25:17,855 ] 63 root - INFO - Data transformation completed successfully.
[2025-08-10 20:25:17,856 ] 70 root - INFO - Starting model trainer component.
[2025-08-10 20:29:57,521 ] 242 root - INFO - Starting MLflow tracking run...
[2025-08-10 20:30:06,326 ] 260 root - INFO - Attempting to log model as a file artifact to handle DagsHub API incompatibility.
[2025-08-10 20:30:19,237 ] 272 root - INFO - Successfully logged the model as a file artifact.
[2025-08-10 20:30:19,639 ] 275 root - INFO - MLflow tracking run completed.
[2025-08-10 20:30:19,659 ] 47 root - INFO - Entered the save_object method of MainUtils class
[2025-08-10 20:30:19,717 ] 51 root - INFO - Exited the save_object method of MainUtils class
[2025-08-10 20:30:19,717 ] 47 root - INFO - Entered the save_object method of MainUtils class
[2025-08-10 20:30:19,768 ] 51 root - INFO - Exited the save_object method of MainUtils class
[2025-08-10 20:30:19,768 ] 346 root - INFO - Model trainer artifact: ModelTrainerArtifact(trained_model_file_path='Artifacts\\08_10_2025_20_24_32\\model_trainer\\trained_model\\model.pkl', train_metric_artifact=ClassificationMetricArtifact(f1_score=0.9905516610789393, precision_score=0.9868421052631579, recall_score=0.9942892106873343), test_metric_artifact=ClassificationMetricArtifact(f1_score=0.9762658227848101, precision_score=0.9686028257456829, recall_score=0.9840510366826156))
[2025-08-10 20:30:19,776 ] 77 root - INFO - Model training completed successfully.
[2025-08-10 20:30:19,776 ] 86 root - INFO - Starting model evaluation component.
[2025-08-10 20:30:19,776 ] 37 root - INFO - Starting model evaluation process...
[2025-08-10 20:30:19,776 ] 49 root - INFO - Model evaluation completed. Model accepted: True
[2025-08-10 20:30:19,776 ] 93 root - INFO - Model evaluation completed successfully.
[2025-08-10 20:30:19,776 ] 121 root - INFO - Training pipeline finished.
[2025-08-10 20:30:19,776 ] 116 root - INFO - Training pipeline finished successfully.
[2025-08-10 20:30:50,147 ] 125 root - INFO - Received file for prediction: test.csv
