[2025-08-10 21:03:40,156 ] 1025 httpx - INFO - HTTP Request: GET https://dagshub.com/api/v1/user "HTTP/1.1 200 OK"
[2025-08-10 21:03:40,178 ] 107 dagshub - INFO - Accessing as JainulTrivedi55555
[2025-08-10 21:03:41,405 ] 1025 httpx - INFO - HTTP Request: GET https://dagshub.com/api/v1/repos/JainulTrivedi55555/Networksecurity "HTTP/1.1 200 OK"
[2025-08-10 21:03:42,504 ] 1025 httpx - INFO - HTTP Request: GET https://dagshub.com/api/v1/user "HTTP/1.1 200 OK"
[2025-08-10 21:03:42,509 ] 107 dagshub - INFO - Initialized MLflow to track repo "JainulTrivedi55555/Networksecurity"
[2025-08-10 21:03:42,511 ] 107 dagshub - INFO - Repository JainulTrivedi55555/Networksecurity initialized!
[2025-08-10 21:03:43,207 ] 126 root - INFO - Received file for prediction: test.csv
[2025-08-10 21:04:46,032 ] 114 root - INFO - Starting training pipeline...
[2025-08-10 21:04:46,032 ] 33 root - INFO - Training pipeline config: <networksecurity.entity.config_entity.TrainingPipelineConfig object at 0x0000025759009160>
[2025-08-10 21:04:46,033 ] 100 root - INFO - Running the training pipeline.
[2025-08-10 21:04:46,033 ] 37 root - INFO - Starting data ingestion component.
[2025-08-10 21:04:48,810 ] 65 root - INFO - Performed train test split on the dataframe
[2025-08-10 21:04:48,811 ] 67 root - INFO - Exited split_data_as_train_test method of Data_Ingestion class
[2025-08-10 21:04:48,813 ] 75 root - INFO - Exporting train and test file path.
[2025-08-10 21:04:48,902 ] 84 root - INFO - Exported train and test file path.
[2025-08-10 21:04:48,903 ] 41 root - INFO - Data ingestion completed successfully.
[2025-08-10 21:04:48,903 ] 48 root - INFO - Starting data validation component.
[2025-08-10 21:04:49,039 ] 32 root - INFO - Required number of columns:2
[2025-08-10 21:04:49,039 ] 33 root - INFO - Data frame has columns:31
[2025-08-10 21:04:49,039 ] 32 root - INFO - Required number of columns:2
[2025-08-10 21:04:49,039 ] 33 root - INFO - Data frame has columns:31
[2025-08-10 21:04:49,270 ] 52 root - INFO - Data validation completed successfully.
[2025-08-10 21:04:49,270 ] 59 root - INFO - Starting data transformation component.
[2025-08-10 21:04:49,270 ] 60 root - INFO - Entered initiate_data_transformation method of DataTransformation class
[2025-08-10 21:04:49,270 ] 62 root - INFO - Starting data transformation
[2025-08-10 21:04:49,303 ] 48 root - INFO - Entered get_data_transformer_object method of Transformation Class
[2025-08-10 21:04:49,303 ] 52 root - INFO - Initialize KNNImputer with {'missing_values': nan, 'n_neighbors': 3, 'weights': 'uniform'}
[2025-08-10 21:04:49,328 ] 47 root - INFO - Entered the save_object method of MainUtils class
[2025-08-10 21:04:49,335 ] 51 root - INFO - Exited the save_object method of MainUtils class
[2025-08-10 21:04:49,335 ] 92 root - INFO - Preprocessor object saved to: Artifacts\08_10_2025_21_03_31\data_transformation\transformed_object\preprocessing.pkl
[2025-08-10 21:04:49,337 ] 63 root - INFO - Data transformation completed successfully.
[2025-08-10 21:04:49,337 ] 70 root - INFO - Starting model trainer component.
