[2025-08-10 17:05:27,295 ] 1025 httpx - INFO - HTTP Request: GET https://dagshub.com/api/v1/user "HTTP/1.1 200 OK"
[2025-08-10 17:05:27,310 ] 107 dagshub - INFO - Accessing as JainulTrivedi55555
[2025-08-10 17:05:28,431 ] 1025 httpx - INFO - HTTP Request: GET https://dagshub.com/api/v1/repos/JainulTrivedi55555/Networksecurity "HTTP/1.1 200 OK"
[2025-08-10 17:05:29,667 ] 1025 httpx - INFO - HTTP Request: GET https://dagshub.com/api/v1/user "HTTP/1.1 200 OK"
[2025-08-10 17:05:29,674 ] 107 dagshub - INFO - Initialized MLflow to track repo "JainulTrivedi55555/Networksecurity"
[2025-08-10 17:05:29,676 ] 107 dagshub - INFO - Repository JainulTrivedi55555/Networksecurity initialized!
[2025-08-10 17:05:42,713 ] 114 root - INFO - Starting training pipeline...
[2025-08-10 17:05:42,714 ] 33 root - INFO - Training pipeline config: <networksecurity.entity.config_entity.TrainingPipelineConfig object at 0x000001C8B17D4D70>
[2025-08-10 17:05:42,714 ] 100 root - INFO - Running the training pipeline.
[2025-08-10 17:05:42,714 ] 37 root - INFO - Starting data ingestion component.
[2025-08-10 17:05:46,729 ] 65 root - INFO - Performed train test split on the dataframe
[2025-08-10 17:05:46,729 ] 67 root - INFO - Exited split_data_as_train_test method of Data_Ingestion class
[2025-08-10 17:05:46,731 ] 75 root - INFO - Exporting train and test file path.
[2025-08-10 17:05:46,888 ] 84 root - INFO - Exported train and test file path.
[2025-08-10 17:05:46,889 ] 41 root - INFO - Data ingestion completed successfully.
[2025-08-10 17:05:46,891 ] 48 root - INFO - Starting data validation component.
[2025-08-10 17:05:47,080 ] 32 root - INFO - Required number of columns:2
[2025-08-10 17:05:47,080 ] 33 root - INFO - Data frame has columns:31
[2025-08-10 17:05:47,080 ] 32 root - INFO - Required number of columns:2
[2025-08-10 17:05:47,081 ] 33 root - INFO - Data frame has columns:31
[2025-08-10 17:05:47,527 ] 52 root - INFO - Data validation completed successfully.
[2025-08-10 17:05:47,527 ] 59 root - INFO - Starting data transformation component.
[2025-08-10 17:05:47,528 ] 101 root - INFO - Entered initiate_data_transformation method of DataTransformation class
[2025-08-10 17:05:47,528 ] 103 root - INFO - Starting data transformation
[2025-08-10 17:05:47,603 ] 47 root - INFO - Entered get_data_transformer_object method of Transformation Class
[2025-08-10 17:05:47,604 ] 51 root - INFO - Initialize KNNImputer with {'missing_values': nan, 'n_neighbors': 3, 'weights': 'uniform'}
[2025-08-10 17:05:47,657 ] 47 root - INFO - Entered the save_object method of MainUtils class
[2025-08-10 17:05:47,668 ] 51 root - INFO - Exited the save_object method of MainUtils class
[2025-08-10 17:05:47,669 ] 47 root - INFO - Entered the save_object method of MainUtils class
[2025-08-10 17:05:47,678 ] 51 root - INFO - Exited the save_object method of MainUtils class
[2025-08-10 17:05:47,682 ] 63 root - INFO - Data transformation completed successfully.
[2025-08-10 17:05:47,683 ] 70 root - INFO - Starting model trainer component.
[2025-08-10 17:10:08,313 ] 242 root - INFO - Starting MLflow tracking run...
[2025-08-10 17:10:17,124 ] 260 root - INFO - Attempting to log model as a file artifact to handle DagsHub API incompatibility.
[2025-08-10 17:10:26,448 ] 272 root - INFO - Successfully logged the model as a file artifact.
[2025-08-10 17:10:26,767 ] 275 root - INFO - MLflow tracking run completed.
[2025-08-10 17:10:26,788 ] 47 root - INFO - Entered the save_object method of MainUtils class
[2025-08-10 17:10:26,848 ] 51 root - INFO - Exited the save_object method of MainUtils class
[2025-08-10 17:10:26,848 ] 47 root - INFO - Entered the save_object method of MainUtils class
[2025-08-10 17:10:26,897 ] 51 root - INFO - Exited the save_object method of MainUtils class
[2025-08-10 17:10:26,897 ] 346 root - INFO - Model trainer artifact: ModelTrainerArtifact(trained_model_file_path='Artifacts\\08_10_2025_17_05_19\\model_trainer\\trained_model\\model.pkl', train_metric_artifact=ClassificationMetricArtifact(f1_score=0.9908592321755028, precision_score=0.9890510948905109, recall_score=0.9926739926739927), test_metric_artifact=ClassificationMetricArtifact(f1_score=0.9776, precision_score=0.9721559268098647, recall_score=0.9831053901850362))
[2025-08-10 17:10:26,904 ] 77 root - INFO - Model training completed successfully.
[2025-08-10 17:10:26,905 ] 86 root - INFO - Starting model evaluation component.
[2025-08-10 17:10:26,905 ] 37 root - INFO - Starting model evaluation process...
[2025-08-10 17:10:26,905 ] 49 root - INFO - Model evaluation completed. Model accepted: True
[2025-08-10 17:10:26,905 ] 93 root - INFO - Model evaluation completed successfully.
[2025-08-10 17:10:26,905 ] 121 root - INFO - Training pipeline finished.
[2025-08-10 17:10:26,905 ] 117 root - INFO - Training pipeline finished successfully.
[2025-08-10 17:10:58,782 ] 126 root - INFO - Received file for prediction: test.csv
